2020-03-10 11:56:46,174 [Worker-1: Loading available Gradle versions] INFO  o.e.b.c.i.u.g.PublishedGradleVersions - Gradle version information cache is up-to-date. Trying to read.
2020-03-10 11:58:49,538 [Worker-2: Loading available Gradle versions] INFO  o.e.b.c.i.u.g.PublishedGradleVersions - Gradle version information cache is up-to-date. Trying to read.
2020-03-10 12:09:22,159 [Worker-1: Loading available Gradle versions] INFO  o.e.b.c.i.u.g.PublishedGradleVersions - Gradle version information cache is up-to-date. Trying to read.
2020-03-10 15:03:03,934 [Worker-1: Loading available Gradle versions] INFO  o.e.b.c.i.u.g.PublishedGradleVersions - Gradle version information cache is out-of-date. Trying to update.
2020-03-10 15:04:45,010 [Worker-5: Loading available Gradle versions] INFO  o.e.b.c.i.u.g.PublishedGradleVersions - Gradle version information cache is up-to-date. Trying to read.
2020-03-10 16:00:53,297 [Worker-3: Loading available Gradle versions] INFO  o.e.b.c.i.u.g.PublishedGradleVersions - Gradle version information cache is up-to-date. Trying to read.
2020-03-10 16:13:14,507 [Worker-2: Loading available Gradle versions] INFO  o.e.b.c.i.u.g.PublishedGradleVersions - Gradle version information cache is up-to-date. Trying to read.
2020-03-10 16:15:19,364 [Worker-2: Loading available Gradle versions] INFO  o.e.b.c.i.u.g.PublishedGradleVersions - Gradle version information cache is up-to-date. Trying to read.
2020-03-10 16:19:22,261 [Worker-6: Loading available Gradle versions] INFO  o.e.b.c.i.u.g.PublishedGradleVersions - Gradle version information cache is up-to-date. Trying to read.
2020-03-11 17:03:07,732 [Worker-2: Loading available Gradle versions] INFO  o.e.b.c.i.u.g.PublishedGradleVersions - Gradle version information cache is up-to-date. Trying to read.
2020-03-12 10:17:00,564 [Worker-2: Loading available Gradle versions] INFO  o.e.b.c.i.u.g.PublishedGradleVersions - Gradle version information cache is up-to-date. Trying to read.
2020-03-12 10:20:09,362 [Worker-11: Importing Maven projects] INFO  o.e.m.c.i.l.LifecycleMappingFactory - Using org.maven.ide.eclipse.wtp.WarLifecycleMapping lifecycle mapping for MavenProject: com.youtestme.getcertified:ytm.service:9.1.0-SNAPSHOT @ /home/cir9akovic/Documents/YouTestMe/GC-9.1/www_source/ytm.service/pom.xml.
2020-03-12 10:20:09,683 [Worker-11: Importing Maven projects] INFO  o.e.m.c.i.p.WorkspaceClassifierResolverManager - Resolving P/ytm.model: com.youtestme.getcertified:ytm.model:9.1.0-SNAPSHOT with classifier  to /ytm.model/target/classes
2020-03-12 10:20:09,688 [Worker-11: Importing Maven projects] INFO  o.e.m.c.i.p.WorkspaceClassifierResolverManager - Resolving P/ytm.db: com.youtestme.getcertified:ytm.db:9.1.0-SNAPSHOT with classifier  to /ytm.db/target/classes
2020-03-12 10:20:09,720 [Worker-11: Importing Maven projects] INFO  o.e.m.c.i.l.LifecycleMappingFactory - Using org.maven.ide.eclipse.wtp.WarLifecycleMapping lifecycle mapping for MavenProject: com.youtestme.getcertified:ytm.webview:9.1.0-SNAPSHOT @ /home/cir9akovic/Documents/YouTestMe/GC-9.1/www_source/ytm.webview/pom.xml.
2020-03-12 10:20:10,222 [Worker-11: Importing Maven projects] INFO  o.e.m.c.i.p.WorkspaceClassifierResolverManager - Resolving P/ytm.model: com.youtestme.getcertified:ytm.model:9.1.0-SNAPSHOT with classifier  to /ytm.model/target/classes
2020-03-12 10:20:10,228 [Worker-11: Importing Maven projects] INFO  o.e.m.c.i.p.WorkspaceClassifierResolverManager - Resolving P/ytm.db: com.youtestme.getcertified:ytm.db:9.1.0-SNAPSHOT with classifier  to /ytm.db/target/classes
2020-03-12 10:20:10,278 [Worker-11: Importing Maven projects] INFO  o.e.m.c.i.l.LifecycleMappingFactory - Using NULL lifecycle mapping for MavenProject: com.youtestme.getcertified:ytm.getcertified:9.1.0-SNAPSHOT @ /home/cir9akovic/Documents/YouTestMe/GC-9.1/www_source/pom.xml.
2020-03-12 10:20:10,310 [Worker-11: Importing Maven projects] INFO  o.e.m.c.i.l.LifecycleMappingFactory - Using org.eclipse.m2e.jdt.JarLifecycleMapping lifecycle mapping for MavenProject: com.youtestme.getcertified:ytm.model:9.1.0-SNAPSHOT @ /home/cir9akovic/Documents/YouTestMe/GC-9.1/www_source/ytm.model/pom.xml.
2020-03-12 10:20:10,333 [Worker-11: Importing Maven projects] INFO  o.e.m.c.i.p.WorkspaceClassifierResolverManager - Resolving P/ytm.db: com.youtestme.getcertified:ytm.db:9.1.0-SNAPSHOT with classifier  to /ytm.db/target/classes
2020-03-12 10:20:10,391 [Worker-11: Importing Maven projects] INFO  o.e.m.c.i.l.LifecycleMappingFactory - Using org.eclipse.m2e.jdt.JarLifecycleMapping lifecycle mapping for MavenProject: com.youtestme.getcertified:ytm.db:9.1.0-SNAPSHOT @ /home/cir9akovic/Documents/YouTestMe/GC-9.1/www_source/ytm.db/pom.xml.
2020-03-12 10:20:10,427 [Worker-11: Importing Maven projects] INFO  o.e.m.c.i.l.LifecycleMappingFactory - Using org.maven.ide.eclipse.wtp.WarLifecycleMapping lifecycle mapping for MavenProject: com.youtestme.getcertified:ytm.service:9.1.0-SNAPSHOT @ /home/cir9akovic/Documents/YouTestMe/GC-9.1/www_source/ytm.service/pom.xml.
2020-03-12 10:20:10,434 [Worker-11: Importing Maven projects] INFO  o.e.m.c.i.p.WorkspaceClassifierResolverManager - Resolving P/ytm.model: com.youtestme.getcertified:ytm.model:9.1.0-SNAPSHOT with classifier  to /ytm.model/target/classes
2020-03-12 10:20:10,449 [Worker-11: Importing Maven projects] INFO  o.e.m.c.i.p.WorkspaceClassifierResolverManager - Resolving P/ytm.db: com.youtestme.getcertified:ytm.db:9.1.0-SNAPSHOT with classifier  to /ytm.db/target/classes
2020-03-12 10:20:10,484 [Worker-11: Importing Maven projects] INFO  o.e.m.c.i.l.LifecycleMappingFactory - Using org.maven.ide.eclipse.wtp.WarLifecycleMapping lifecycle mapping for MavenProject: com.youtestme.getcertified:ytm.webview:9.1.0-SNAPSHOT @ /home/cir9akovic/Documents/YouTestMe/GC-9.1/www_source/ytm.webview/pom.xml.
2020-03-12 10:20:10,516 [Worker-11: Importing Maven projects] INFO  o.e.m.c.i.p.WorkspaceClassifierResolverManager - Resolving P/ytm.model: com.youtestme.getcertified:ytm.model:9.1.0-SNAPSHOT with classifier  to /ytm.model/target/classes
2020-03-12 10:20:10,525 [Worker-11: Importing Maven projects] INFO  o.e.m.c.i.p.WorkspaceClassifierResolverManager - Resolving P/ytm.db: com.youtestme.getcertified:ytm.db:9.1.0-SNAPSHOT with classifier  to /ytm.db/target/classes
2020-03-12 10:20:10,564 [Worker-11: Importing Maven projects] INFO  o.e.m.c.i.l.LifecycleMappingFactory - Using org.eclipse.m2e.jdt.JarLifecycleMapping lifecycle mapping for MavenProject: com.youtestme.getcertified:ytm.model:9.1.0-SNAPSHOT @ /home/cir9akovic/Documents/YouTestMe/GC-9.1/www_source/ytm.model/pom.xml.
2020-03-12 10:20:10,571 [Worker-11: Importing Maven projects] INFO  o.e.m.c.i.p.WorkspaceClassifierResolverManager - Resolving P/ytm.db: com.youtestme.getcertified:ytm.db:9.1.0-SNAPSHOT with classifier  to /ytm.db/target/classes
2020-03-12 10:20:10,611 [Worker-11: Importing Maven projects] INFO  o.e.m.c.i.l.LifecycleMappingFactory - Using org.maven.ide.eclipse.wtp.WarLifecycleMapping lifecycle mapping for MavenProject: com.youtestme.getcertified:ytm.service:9.1.0-SNAPSHOT @ /home/cir9akovic/Documents/YouTestMe/GC-9.1/www_source/ytm.service/pom.xml.
2020-03-12 10:20:10,621 [Worker-11: Importing Maven projects] INFO  o.e.m.c.i.p.WorkspaceClassifierResolverManager - Resolving P/ytm.model: com.youtestme.getcertified:ytm.model:9.1.0-SNAPSHOT with classifier  to /ytm.model/target/classes
2020-03-12 10:20:10,623 [Worker-11: Importing Maven projects] INFO  o.e.m.c.i.p.WorkspaceClassifierResolverManager - Resolving P/ytm.db: com.youtestme.getcertified:ytm.db:9.1.0-SNAPSHOT with classifier  to /ytm.db/target/classes
2020-03-12 10:20:10,661 [Worker-11: Importing Maven projects] INFO  o.e.m.c.i.l.LifecycleMappingFactory - Using org.maven.ide.eclipse.wtp.WarLifecycleMapping lifecycle mapping for MavenProject: com.youtestme.getcertified:ytm.webview:9.1.0-SNAPSHOT @ /home/cir9akovic/Documents/YouTestMe/GC-9.1/www_source/ytm.webview/pom.xml.
2020-03-12 10:20:10,682 [Worker-11: Importing Maven projects] INFO  o.e.m.c.i.p.WorkspaceClassifierResolverManager - Resolving P/ytm.model: com.youtestme.getcertified:ytm.model:9.1.0-SNAPSHOT with classifier  to /ytm.model/target/classes
2020-03-12 10:20:10,684 [Worker-11: Importing Maven projects] INFO  o.e.m.c.i.p.WorkspaceClassifierResolverManager - Resolving P/ytm.db: com.youtestme.getcertified:ytm.db:9.1.0-SNAPSHOT with classifier  to /ytm.db/target/classes
2020-03-12 10:20:11,065 [Worker-11: Importing Maven projects] INFO  o.e.m.c.i.p.WorkspaceClassifierResolverManager - Resolving P/ytm.model: com.youtestme.getcertified:ytm.model:9.1.0-SNAPSHOT with classifier  to /ytm.model/target/classes
2020-03-12 10:20:11,068 [Worker-11: Importing Maven projects] INFO  o.e.m.c.i.p.WorkspaceClassifierResolverManager - Resolving P/ytm.db: com.youtestme.getcertified:ytm.db:9.1.0-SNAPSHOT with classifier  to /ytm.db/target/classes
2020-03-12 10:20:12,163 [Worker-11: Importing Maven projects] INFO  o.e.m.c.i.p.WorkspaceClassifierResolverManager - Resolving P/ytm.model: com.youtestme.getcertified:ytm.model:9.1.0-SNAPSHOT with classifier  to /ytm.model/target/classes
2020-03-12 10:20:12,165 [Worker-11: Importing Maven projects] INFO  o.e.m.c.i.p.WorkspaceClassifierResolverManager - Resolving P/ytm.db: com.youtestme.getcertified:ytm.db:9.1.0-SNAPSHOT with classifier  to /ytm.db/target/classes
2020-03-12 10:20:31,121 [Worker-11: Importing Maven projects] INFO  o.e.m.c.i.embedder.EclipseLogger - Source directory: /home/cir9akovic/Documents/YouTestMe/GC-9.1/www_source/ytm.db/generated added.
2020-03-12 10:20:31,253 [Worker-11: Importing Maven projects] INFO  o.e.m.j.i.AbstractJavaProjectConfigurator - Adding source folder /ytm.db/src
2020-03-12 10:20:31,286 [Worker-11: Importing Maven projects] INFO  o.e.m.j.i.AbstractJavaProjectConfigurator - Adding source folder /ytm.db/generated
2020-03-12 10:20:31,287 [Worker-11: Importing Maven projects] INFO  o.e.m.j.i.AbstractJavaProjectConfigurator - Resources folder /ytm.db/src overlaps with sources folder /ytm.db/src
2020-03-12 10:20:31,290 [Worker-11: Importing Maven projects] INFO  o.e.m.j.i.AbstractJavaProjectConfigurator - Not adding source folder /ytm.db/src/test/java because it overlaps with /ytm.db/src
2020-03-12 10:20:31,413 [Worker-11: Importing Maven projects] INFO  o.e.m.j.i.AbstractJavaProjectConfigurator - Adding source folder /ytm.model/src
2020-03-12 10:20:31,413 [Worker-11: Importing Maven projects] INFO  o.e.m.j.i.AbstractJavaProjectConfigurator - Resources folder /ytm.model/src overlaps with sources folder /ytm.model/src
2020-03-12 10:20:31,426 [Worker-11: Importing Maven projects] INFO  o.e.m.j.i.AbstractJavaProjectConfigurator - Not adding source folder /ytm.model/src/test/java because it overlaps with /ytm.model/src
2020-03-12 10:20:31,517 [Worker-11: Importing Maven projects] INFO  o.e.m.j.i.AbstractJavaProjectConfigurator - Adding source folder /ytm.service/src
2020-03-12 10:20:31,518 [Worker-11: Importing Maven projects] INFO  o.e.m.j.i.AbstractJavaProjectConfigurator - Resources folder /ytm.service/src overlaps with sources folder /ytm.service/src
2020-03-12 10:20:31,519 [Worker-11: Importing Maven projects] INFO  o.e.m.j.i.AbstractJavaProjectConfigurator - Not adding source folder /ytm.service/src/test/java because it overlaps with /ytm.service/src
2020-03-12 10:20:37,029 [Worker-11: Importing Maven projects] INFO  o.e.m.j.i.AbstractJavaProjectConfigurator - Adding source folder /ytm.webview/src
2020-03-12 10:20:37,029 [Worker-11: Importing Maven projects] INFO  o.e.m.j.i.AbstractJavaProjectConfigurator - Resources folder /ytm.webview/src overlaps with sources folder /ytm.webview/src
2020-03-12 10:20:37,038 [Worker-11: Importing Maven projects] INFO  o.e.m.j.i.AbstractJavaProjectConfigurator - Not adding source folder /ytm.webview/src/test/java because it overlaps with /ytm.webview/src
2020-03-12 10:20:37,772 [Worker-11: Importing Maven projects] INFO  o.e.m.c.i.p.ProjectConfigurationManager - Imported and configured 5 project(s) in 33 sec
2020-03-12 10:21:35,244 [Worker-12: Building] INFO  o.e.m.c.i.embedder.EclipseLogger - Source directory: /home/cir9akovic/Documents/YouTestMe/GC-9.1/www_source/ytm.db/generated added.
2020-03-12 10:21:35,537 [Worker-12: Building] INFO  o.e.m.c.i.embedder.EclipseLogger - Using 'UTF-8' encoding to copy filtered resources.
2020-03-12 10:21:35,566 [Worker-12: Building] INFO  o.e.m.c.i.embedder.EclipseLogger - Copying 17 resources
2020-03-12 10:21:35,786 [Worker-12: Building] INFO  o.e.m.c.i.embedder.EclipseLogger - Using 'UTF-8' encoding to copy filtered resources.
2020-03-12 10:21:35,786 [Worker-12: Building] INFO  o.e.m.c.i.embedder.EclipseLogger - skip non existing resourceDirectory /home/cir9akovic/Documents/YouTestMe/GC-9.1/www_source/ytm.db/src/test/resources
2020-03-12 10:21:40,825 [Worker-12: Building] INFO  o.e.m.c.i.p.WorkspaceClassifierResolverManager - Resolving P/ytm.db: com.youtestme.getcertified:ytm.db:9.1.0-SNAPSHOT with classifier  to /ytm.db/target/classes
2020-03-12 10:21:40,841 [Worker-12: Building] INFO  o.e.m.c.i.embedder.EclipseLogger - Using 'UTF-8' encoding to copy filtered resources.
2020-03-12 10:21:40,862 [Worker-12: Building] INFO  o.e.m.c.i.embedder.EclipseLogger - Copying 41 resources
2020-03-12 10:21:40,884 [Worker-12: Building] INFO  o.e.m.c.i.embedder.EclipseLogger - Using 'UTF-8' encoding to copy filtered resources.
2020-03-12 10:21:40,884 [Worker-12: Building] INFO  o.e.m.c.i.embedder.EclipseLogger - skip non existing resourceDirectory /home/cir9akovic/Documents/YouTestMe/GC-9.1/www_source/ytm.model/src/test/resources
2020-03-12 10:21:41,699 [Worker-12: Building] INFO  o.e.m.c.i.p.WorkspaceClassifierResolverManager - Resolving P/ytm.model: com.youtestme.getcertified:ytm.model:9.1.0-SNAPSHOT with classifier  to /ytm.model/target/classes
2020-03-12 10:21:41,702 [Worker-12: Building] INFO  o.e.m.c.i.p.WorkspaceClassifierResolverManager - Resolving P/ytm.db: com.youtestme.getcertified:ytm.db:9.1.0-SNAPSHOT with classifier  to /ytm.db/target/classes
2020-03-12 10:21:41,709 [Worker-12: Building] INFO  o.e.m.c.i.embedder.EclipseLogger - Using 'UTF-8' encoding to copy filtered resources.
2020-03-12 10:21:41,710 [Worker-12: Building] INFO  o.e.m.c.i.embedder.EclipseLogger - Copying 1 resource
2020-03-12 10:21:41,712 [Worker-12: Building] INFO  o.e.m.c.i.embedder.EclipseLogger - Using 'UTF-8' encoding to copy filtered resources.
2020-03-12 10:21:41,713 [Worker-12: Building] INFO  o.e.m.c.i.embedder.EclipseLogger - skip non existing resourceDirectory /home/cir9akovic/Documents/YouTestMe/GC-9.1/www_source/ytm.service/src/test/resources
2020-03-12 10:21:45,074 [Worker-12: Building] INFO  o.e.m.c.i.p.WorkspaceClassifierResolverManager - Resolving P/ytm.model: com.youtestme.getcertified:ytm.model:9.1.0-SNAPSHOT with classifier  to /ytm.model/target/classes
2020-03-12 10:21:45,077 [Worker-12: Building] INFO  o.e.m.c.i.p.WorkspaceClassifierResolverManager - Resolving P/ytm.db: com.youtestme.getcertified:ytm.db:9.1.0-SNAPSHOT with classifier  to /ytm.db/target/classes
2020-03-12 10:21:45,085 [Worker-12: Building] INFO  o.e.m.c.i.embedder.EclipseLogger - Using 'UTF-8' encoding to copy filtered resources.
2020-03-12 10:21:45,091 [Worker-12: Building] INFO  o.e.m.c.i.embedder.EclipseLogger - Copying 7 resources
2020-03-12 10:21:45,096 [Worker-12: Building] INFO  o.e.m.c.i.embedder.EclipseLogger - Using 'UTF-8' encoding to copy filtered resources.
2020-03-12 10:21:45,096 [Worker-12: Building] INFO  o.e.m.c.i.embedder.EclipseLogger - skip non existing resourceDirectory /home/cir9akovic/Documents/YouTestMe/GC-9.1/www_source/ytm.webview/src/test/resources
